<?xml version="1.0" encoding="UTF-8"?>
<testsuite xmlns:xsi="http://www.w3.org/2001/XMLSchema-instance" xsi:noNamespaceSchemaLocation="https://maven.apache.org/surefire/maven-surefire-plugin/xsd/surefire-test-report-3.0.xsd" version="3.0" name="pl.pjatk.jaz_s27144_nbp.JazS27144NbpApplicationTests" time="2.318" tests="1" errors="0" skipped="0" failures="0">
  <properties>
[...]
</properties>
  <testcase name="contextLoads" classname="pl.pjatk.jaz_s27144_nbp.JazS27144NbpApplicationTests" time="0.575">
    <system-out><![CDATA[10:32:25.174 [main] INFO org.springframework.test.context.support.AnnotationConfigContextLoaderUtils -- Could not detect default configuration classes for test class [pl.pjatk.jaz_s27144_nbp.JazS27144NbpApplicationTests]: JazS27144NbpApplicationTests does not declare any static, non-private, non-final, nested classes annotated with @Configuration.
10:32:25.250 [main] INFO org.springframework.boot.test.context.SpringBootTestContextBootstrapper -- Found @SpringBootConfiguration pl.pjatk.jaz_s27144_nbp.JazS27144NbpApplication for test class pl.pjatk.jaz_s27144_nbp.JazS27144NbpApplicationTests

  .   ____          _            __ _ _
 /\\ / ___'_ __ _ _(_)_ __  __ _ \ \ \ \
( ( )\___ | '_ | '_| | '_ \/ _` | \ \ \ \
 \\/  ___)| |_)| | | | | || (_| |  ) ) ) )
  '  |____| .__|_| |_|_| |_\__, | / / / /
 =========|_|==============|___/=/_/_/_/

 :: Spring Boot ::                (v3.3.1)

2024-06-29T10:32:25.541+02:00  INFO 2516 --- [jaz-s27144-nbp] [           main] p.p.j.JazS27144NbpApplicationTests       : Starting JazS27144NbpApplicationTests using Java 21.0.3 with PID 2516 (started by s27144 in C:\Users\s27144\Desktop\jaz-s27144-nbp)
2024-06-29T10:32:25.542+02:00  INFO 2516 --- [jaz-s27144-nbp] [           main] p.p.j.JazS27144NbpApplicationTests       : No active profile set, falling back to 1 default profile: "default"
2024-06-29T10:32:26.774+02:00  INFO 2516 --- [jaz-s27144-nbp] [           main] p.p.j.JazS27144NbpApplicationTests       : Started JazS27144NbpApplicationTests in 1.414 seconds (process running for 2.214)
]]></system-out>
    <system-err><![CDATA[WARNING: A Java agent has been loaded dynamically (C:\Users\s27144\.m2\repository\net\bytebuddy\byte-buddy-agent\1.14.17\byte-buddy-agent-1.14.17.jar)
WARNING: If a serviceability tool is in use, please run with -XX:+EnableDynamicAgentLoading to hide this warning
WARNING: If a serviceability tool is not in use, please run with -Djdk.instrument.traceUsage for more information
WARNING: Dynamic loading of agents will be disallowed by default in a future release
]]></system-err>
  </testcase>
</testsuite>